<?xml version="1.0" encoding="UTF-8"?>
<robot generator="Robot 4.1.2 (Python 3.10.0 on win32)" generated="20211120 20:24:52.442" rpa="false" schemaversion="2">
<suite id="s1" name="loginAndriod" source="C:\Users\USER\Desktop\robotframework-with-browserstack\loginAndriod.robot">
<test id="s1-t1" name="Open application via browserstack">
<kw name="Open Application" library="AppiumLibrary">
<arg>${RemoteURL}</arg>
<arg>platformName="Android"</arg>
<arg>deviceName=${DeviceName}</arg>
<arg>platformVersion=9.0</arg>
<arg>app=bs://c700ce60cf13ae8ed97705a55b8e022f13c5827c</arg>
<doc>Opens a new application to given Appium server.
Capabilities of appium server, Android and iOS,
Please check https://github.com/appium/appium/blob/master/docs/en/writing-running-appium/server-args.md
| *Option*            | *Man.* | *Description*     |
| remote_url          | Yes    | Appium server url |
| alias               | no     | alias             |</doc>
<status status="PASS" starttime="20211120 20:24:52.628" endtime="20211120 20:25:12.522"/>
</kw>
<kw name="Close Application" library="AppiumLibrary">
<doc>Closes the current application and also close webdriver session.</doc>
<status status="PASS" starttime="20211120 20:25:12.523" endtime="20211120 20:25:13.957"/>
</kw>
<status status="PASS" starttime="20211120 20:24:52.628" endtime="20211120 20:25:13.958"/>
</test>
<status status="PASS" starttime="20211120 20:24:52.443" endtime="20211120 20:25:13.959"/>
</suite>
<statistics>
<total>
<stat pass="1" fail="0" skip="0">All Tests</stat>
</total>
<tag>
</tag>
<suite>
<stat pass="1" fail="0" skip="0" id="s1" name="loginAndriod">loginAndriod</stat>
</suite>
</statistics>
<errors>
</errors>
</robot>
